<?xml version="1.0" encoding="UTF-8"?>
<testsuite xmlns:xsi="http://www.w3.org/2001/XMLSchema-instance" xsi:noNamespaceSchemaLocation="https://maven.apache.org/surefire/maven-surefire-plugin/xsd/surefire-test-report-3.0.xsd" version="3.0" name="com.uade.propertiesbackend.PropertiesBackendApplicationTests" time="7.884" tests="1" errors="0" skipped="0" failures="0">
  <properties>
[...]
</properties>
  <testcase name="contextLoads" classname="com.uade.propertiesbackend.PropertiesBackendApplicationTests" time="0.265">
    <system-out><![CDATA[11:50:00.678 [main] INFO org.springframework.test.context.support.AnnotationConfigContextLoaderUtils -- Could not detect default configuration classes for test class [com.uade.propertiesbackend.PropertiesBackendApplicationTests]: PropertiesBackendApplicationTests does not declare any static, non-private, non-final, nested classes annotated with @Configuration.
11:50:00.714 [main] INFO org.springframework.boot.test.context.SpringBootTestContextBootstrapper -- Found @SpringBootConfiguration com.uade.propertiesbackend.PropertiesBackendApplication for test class com.uade.propertiesbackend.PropertiesBackendApplicationTests

  .   ____          _            __ _ _
 /\\ / ___'_ __ _ _(_)_ __  __ _ \ \ \ \
( ( )\___ | '_ | '_| | '_ \/ _` | \ \ \ \
 \\/  ___)| |_)| | | | | || (_| |  ) ) ) )
  '  |____| .__|_| |_|_| |_\__, | / / / /
 =========|_|==============|___/=/_/_/_/

 :: Spring Boot ::                (v3.3.2)

2024-09-01T11:50:00.839-03:00  INFO 17212 --- [properties-backend] [           main] c.u.p.PropertiesBackendApplicationTests  : Starting PropertiesBackendApplicationTests using Java 17.0.11 with PID 17212 (started by felipcosta in /Users/felipcosta/Documents/Personal/properties-fork/properties-backend)
2024-09-01T11:50:00.840-03:00  INFO 17212 --- [properties-backend] [           main] c.u.p.PropertiesBackendApplicationTests  : No active profile set, falling back to 1 default profile: "default"
2024-09-01T11:50:01.164-03:00  INFO 17212 --- [properties-backend] [           main] .s.d.r.c.RepositoryConfigurationDelegate : Bootstrapping Spring Data JPA repositories in DEFAULT mode.
2024-09-01T11:50:01.189-03:00  INFO 17212 --- [properties-backend] [           main] .s.d.r.c.RepositoryConfigurationDelegate : Finished Spring Data repository scanning in 21 ms. Found 4 JPA repository interfaces.
2024-09-01T11:50:01.430-03:00  INFO 17212 --- [properties-backend] [           main] o.hibernate.jpa.internal.util.LogHelper  : HHH000204: Processing PersistenceUnitInfo [name: default]
2024-09-01T11:50:01.450-03:00  INFO 17212 --- [properties-backend] [           main] org.hibernate.Version                    : HHH000412: Hibernate ORM core version 6.5.2.Final
2024-09-01T11:50:01.464-03:00  INFO 17212 --- [properties-backend] [           main] o.h.c.internal.RegionFactoryInitiator    : HHH000026: Second-level cache disabled
2024-09-01T11:50:01.592-03:00  INFO 17212 --- [properties-backend] [           main] o.s.o.j.p.SpringPersistenceUnitInfo      : No LoadTimeWeaver setup: ignoring JPA class transformer
2024-09-01T11:50:01.603-03:00  INFO 17212 --- [properties-backend] [           main] com.zaxxer.hikari.HikariDataSource       : HikariPool-1 - Starting...
2024-09-01T11:50:03.650-03:00  INFO 17212 --- [properties-backend] [           main] com.zaxxer.hikari.pool.HikariPool        : HikariPool-1 - Added connection org.postgresql.jdbc.PgConnection@1a7d0c9f
2024-09-01T11:50:03.654-03:00  INFO 17212 --- [properties-backend] [           main] com.zaxxer.hikari.HikariDataSource       : HikariPool-1 - Start completed.
2024-09-01T11:50:03.975-03:00  WARN 17212 --- [properties-backend] [           main] org.hibernate.orm.deprecation            : HHH90000025: PostgreSQLDialect does not need to be specified explicitly using 'hibernate.dialect' (remove the property setting and it will be selected by default)
2024-09-01T11:50:04.731-03:00  INFO 17212 --- [properties-backend] [           main] o.h.e.t.j.p.i.JtaPlatformInitiator       : HHH000489: No JTA platform available (set 'hibernate.transaction.jta.platform' to enable JTA platform integration)
2024-09-01T11:50:07.658-03:00  INFO 17212 --- [properties-backend] [           main] j.LocalContainerEntityManagerFactoryBean : Initialized JPA EntityManagerFactory for persistence unit 'default'
2024-09-01T11:50:07.814-03:00  INFO 17212 --- [properties-backend] [           main] o.s.d.j.r.query.QueryEnhancerFactory     : Hibernate is in classpath; If applicable, HQL parser will be used.
2024-09-01T11:50:08.046-03:00  WARN 17212 --- [properties-backend] [           main] JpaBaseConfiguration$JpaWebConfiguration : spring.jpa.open-in-view is enabled by default. Therefore, database queries may be performed during view rendering. Explicitly configure spring.jpa.open-in-view to disable this warning
2024-09-01T11:50:08.232-03:00  INFO 17212 --- [properties-backend] [           main] c.u.p.PropertiesBackendApplicationTests  : Started PropertiesBackendApplicationTests in 7.477 seconds (process running for 7.78)
]]></system-out>
  </testcase>
</testsuite>
